<?xml version="1.0" encoding="UTF-8"?>
<!-- Generated by org.testng.reporters.JUnitReportReporter -->
<testsuite hostname="HP" failures="0" tests="2" name="JsonValidation.ValidateJson" time="4.885" errors="0" timestamp="12 Feb 2023 13:33:53 GMT" skipped="0">
  <testcase classname="JsonValidation.ValidateJson" name="valodateCountry" time="4.450"/>
  <testcase classname="JsonValidation.ValidateJson" name="countNoOfWicketkeeper" time="0.435"/>
</testsuite> <!-- JsonValidation.ValidateJson -->
