<?xml version="1.0" encoding="UTF-8"?>
<!-- Generated by org.testng.reporters.JUnitReportReporter -->
<testsuite hostname="HP" failures="0" tests="2" name="JsonValidation.ValidateJson" time="6.212" errors="0" timestamp="12 Feb 2023 13:47:30 GMT" skipped="0">
  <testcase classname="JsonValidation.ValidateJson" name="valodateCountry" time="5.881"/>
  <testcase classname="JsonValidation.ValidateJson" name="countNoOfWicketkeeper" time="0.331"/>
</testsuite> <!-- JsonValidation.ValidateJson -->
